Using pre-set license
Built from '2020.2/staging' branch; Version is '2020.2.7f1 (c53830e277f1) revision 12924976'; Using compiler version '192528614'; Build Type 'Release'
OS: 'Windows 10 Enterprise; OS build 18363.1734; Version 1909; 64bit' Language: 'en' Physical Memory: 16339 MB
BatchMode: 1, IsHumanControllingUs: 0, StartBugReporterOnCrash: 0, Is64bit: 1, IsPro: 0

 COMMAND LINE ARGUMENTS:
C:\Program Files\Unity\Hub\Editor\2020.2.7f1\Editor\Unity.exe
-adb2
-batchMode
-noUpm
-name
AssetImportWorker0
-projectPath
I:/Programiranje/unityProjects/blockBreaker/BlockBraker
-logFile
Logs/AssetImportWorker0.log
-srvPort
51572
Successfully changed project path to: I:/Programiranje/unityProjects/blockBreaker/BlockBraker
I:/Programiranje/unityProjects/blockBreaker/BlockBraker
Using Asset Import Pipeline V2.
Refreshing native plugins compatible for Editor in 48.09 ms, found 1 plugins.
Preloading 0 native plugins for Editor in 0.00 ms.
Initialize engine version: 2020.2.7f1 (c53830e277f1)
[Subsystems] Discovering subsystems at path C:/Program Files/Unity/Hub/Editor/2020.2.7f1/Editor/Data/Resources/UnitySubsystems
[Subsystems] Discovering subsystems at path I:/Programiranje/unityProjects/blockBreaker/BlockBraker/Assets
GfxDevice: creating device client; threaded=0
Direct3D:
    Version:  Direct3D 11.0 [level 11.1]
    Renderer: NVIDIA GeForce GTX 1060 6GB (ID=0x1c03)
    Vendor:   
    VRAM:     6052 MB
    Driver:   27.21.14.5671
Initialize mono
Mono path[0] = 'C:/Program Files/Unity/Hub/Editor/2020.2.7f1/Editor/Data/Managed'
Mono path[1] = 'C:/Program Files/Unity/Hub/Editor/2020.2.7f1/Editor/Data/MonoBleedingEdge/lib/mono/unityjit'
Mono config path = 'C:/Program Files/Unity/Hub/Editor/2020.2.7f1/Editor/Data/MonoBleedingEdge/etc'
Using monoOptions --debugger-agent=transport=dt_socket,embedding=1,server=y,suspend=n,address=127.0.0.1:56352
Begin MonoManager ReloadAssembly
Registering precompiled unity dll's ...
Register platform support module: C:/Program Files/Unity/Hub/Editor/2020.2.7f1/Editor/Data/PlaybackEngines/WindowsStandaloneSupport/UnityEditor.WindowsStandalone.Extensions.dll
Registered in 0.002881 seconds.
Native extension for WindowsStandalone target not found
Refreshing native plugins compatible for Editor in 42.83 ms, found 1 plugins.
Preloading 0 native plugins for Editor in 0.00 ms.
Invoked RoslynAnalysisRunner static constructor.
RoslynAnalysisRunner will not be running.
RoslynAnalysisRunner has terminated.
Mono: successfully reloaded assembly
- Completed reload, in  1.795 seconds
Platform modules already initialized, skipping
Registering precompiled user dll's ...
Registered in 0.000937 seconds.
Begin MonoManager ReloadAssembly
Native extension for WindowsStandalone target not found
Refreshing native plugins compatible for Editor in 36.24 ms, found 1 plugins.
Preloading 0 native plugins for Editor in 0.00 ms.
Invoked RoslynAnalysisRunner static constructor.
RoslynAnalysisRunner will not be running.
RoslynAnalysisRunner has terminated.
Mono: successfully reloaded assembly
- Completed reload, in  1.239 seconds
Platform modules already initialized, skipping
========================================================================
Worker process is ready to serve import requests
Launched and connected shader compiler UnityShaderCompiler.exe after 0.07 seconds
Refreshing native plugins compatible for Editor in 0.59 ms, found 1 plugins.
Preloading 0 native plugins for Editor in 0.00 ms.
Unloading 1813 Unused Serialized files (Serialized files now loaded: 0)
System memory in use before: 97.8 MB.
System memory in use after: 97.8 MB.

Unloading 24 unused Assets to reduce memory usage. Loaded Objects now: 2273.
Total: 3.209500 ms (FindLiveObjects: 0.282500 ms CreateObjectMapping: 0.164500 ms MarkObjects: 2.549500 ms  DeleteObjects: 0.210900 ms)

========================================================================
Received Import Request.
  path: Assets/Scenes/Level1.unity
  artifactKey: Guid(7ad1a3de6548d9743a206ec5febe1f7d) Importer(815301076,1909f56bfc062723c751e8b465ee728b)
Start importing Assets/Scenes/Level1.unity using Guid(7ad1a3de6548d9743a206ec5febe1f7d) Importer(815301076,1909f56bfc062723c751e8b465ee728b)  -> (artifact id: 'd2b15e2ec4624585391d62fe5dd7feb4') in 0.016173 seconds
  Import took 0.033085 seconds .

========================================================================
Received Prepare
Refreshing native plugins compatible for Editor in 2.55 ms, found 1 plugins.
Preloading 0 native plugins for Editor in 0.00 ms.
Unloading 10 Unused Serialized files (Serialized files now loaded: 0)
System memory in use before: 62.1 MB.
System memory in use after: 62.1 MB.

Unloading 10 unused Assets to reduce memory usage. Loaded Objects now: 2273.
Total: 4.461700 ms (FindLiveObjects: 0.203900 ms CreateObjectMapping: 0.083300 ms MarkObjects: 4.040400 ms  DeleteObjects: 0.132400 ms)

========================================================================
Received Import Request.
  Time since last request: 77.724116 seconds.
  path: Assets/Scenes/Level3.unity
  artifactKey: Guid(bb84c056617d25a4bab94451b5310347) Importer(815301076,1909f56bfc062723c751e8b465ee728b)
Start importing Assets/Scenes/Level3.unity using Guid(bb84c056617d25a4bab94451b5310347) Importer(815301076,1909f56bfc062723c751e8b465ee728b)  -> (artifact id: 'f56abd045fe0fc05cd2a2a6ca13c092a') in 0.080242 seconds
  Import took 0.102295 seconds .

========================================================================
Received Prepare
Registering precompiled user dll's ...
Registered in 0.001335 seconds.
Begin MonoManager ReloadAssembly
Native extension for WindowsStandalone target not found
Refreshing native plugins compatible for Editor in 0.39 ms, found 1 plugins.
Preloading 0 native plugins for Editor in 0.00 ms.
Invoked RoslynAnalysisRunner static constructor.
RoslynAnalysisRunner will not be running.
RoslynAnalysisRunner has terminated.
Mono: successfully reloaded assembly
- Completed reload, in  0.988 seconds
Platform modules already initialized, skipping
Refreshing native plugins compatible for Editor in 0.36 ms, found 1 plugins.
Preloading 0 native plugins for Editor in 0.00 ms.
Unloading 1808 Unused Serialized files (Serialized files now loaded: 0)
System memory in use before: 97.8 MB.
System memory in use after: 97.8 MB.

Unloading 12 unused Assets to reduce memory usage. Loaded Objects now: 2277.
Total: 2.169200 ms (FindLiveObjects: 0.237600 ms CreateObjectMapping: 0.079400 ms MarkObjects: 1.734400 ms  DeleteObjects: 0.116200 ms)

========================================================================
Received Prepare
Registering precompiled user dll's ...
Registered in 0.001180 seconds.
Begin MonoManager ReloadAssembly
Native extension for WindowsStandalone target not found
Refreshing native plugins compatible for Editor in 0.35 ms, found 1 plugins.
Preloading 0 native plugins for Editor in 0.00 ms.
Invoked RoslynAnalysisRunner static constructor.
RoslynAnalysisRunner will not be running.
RoslynAnalysisRunner has terminated.
Mono: successfully reloaded assembly
- Completed reload, in  1.069 seconds
Platform modules already initialized, skipping
Refreshing native plugins compatible for Editor in 0.37 ms, found 1 plugins.
Preloading 0 native plugins for Editor in 0.00 ms.
Unloading 1808 Unused Serialized files (Serialized files now loaded: 0)
System memory in use before: 97.8 MB.
System memory in use after: 97.8 MB.

Unloading 12 unused Assets to reduce memory usage. Loaded Objects now: 2281.
Total: 2.715200 ms (FindLiveObjects: 0.248200 ms CreateObjectMapping: 0.083600 ms MarkObjects: 2.225000 ms  DeleteObjects: 0.156500 ms)

========================================================================
Received Import Request.
  Time since last request: 216.941059 seconds.
  path: Assets/Scenes/Level3.unity
  artifactKey: Guid(bb84c056617d25a4bab94451b5310347) Importer(815301076,1909f56bfc062723c751e8b465ee728b)
Start importing Assets/Scenes/Level3.unity using Guid(bb84c056617d25a4bab94451b5310347) Importer(815301076,1909f56bfc062723c751e8b465ee728b)  -> (artifact id: '59a5cfad4d4c28ca102e26ffe4f6cda8') in 0.014742 seconds
  Import took 0.017751 seconds .

========================================================================
Received Import Request.
  Time since last request: 98.697162 seconds.
  path: Assets/Prefabs/Block.prefab
  artifactKey: Guid(eba994a26280cbe44a9e1b2505c6826e) Importer(815301076,1909f56bfc062723c751e8b465ee728b)
Start importing Assets/Prefabs/Block.prefab using Guid(eba994a26280cbe44a9e1b2505c6826e) Importer(815301076,1909f56bfc062723c751e8b465ee728b)  -> (artifact id: 'ca37aa34a8a97edc786e3f6ae31594a2') in 0.135844 seconds
  Import took 0.138901 seconds .

========================================================================
Received Import Request.
  Time since last request: 6.322266 seconds.
  path: Assets/Prefabs/Block.prefab
  artifactKey: Guid(eba994a26280cbe44a9e1b2505c6826e) Importer(815301076,1909f56bfc062723c751e8b465ee728b)
Start importing Assets/Prefabs/Block.prefab using Guid(eba994a26280cbe44a9e1b2505c6826e) Importer(815301076,1909f56bfc062723c751e8b465ee728b)  -> (artifact id: '9f2a3b2e5e3068e338215cfaa4f599d8') in 0.011098 seconds
  Import took 0.032085 seconds .

========================================================================
Received Import Request.
  Time since last request: 0.475693 seconds.
  path: Assets/Prefabs/Block.prefab
  artifactKey: Guid(eba994a26280cbe44a9e1b2505c6826e) Importer(815301076,1909f56bfc062723c751e8b465ee728b)
Start importing Assets/Prefabs/Block.prefab using Guid(eba994a26280cbe44a9e1b2505c6826e) Importer(815301076,1909f56bfc062723c751e8b465ee728b)  -> (artifact id: 'c23706c83d5c41a2c146a2b025c3a92e') in 0.011429 seconds
  Import took 0.015550 seconds .

========================================================================
Received Import Request.
  Time since last request: 0.017557 seconds.
  path: Assets/Prefabs/Block.prefab
  artifactKey: Guid(eba994a26280cbe44a9e1b2505c6826e) Importer(815301076,1909f56bfc062723c751e8b465ee728b)
Start importing Assets/Prefabs/Block.prefab using Guid(eba994a26280cbe44a9e1b2505c6826e) Importer(815301076,1909f56bfc062723c751e8b465ee728b)  -> (artifact id: 'c23706c83d5c41a2c146a2b025c3a92e') in 0.011175 seconds
  Import took 0.015072 seconds .

========================================================================
Received Import Request.
  Time since last request: 2.031717 seconds.
  path: Assets/Prefabs/Block.prefab
  artifactKey: Guid(eba994a26280cbe44a9e1b2505c6826e) Importer(815301076,1909f56bfc062723c751e8b465ee728b)
Start importing Assets/Prefabs/Block.prefab using Guid(eba994a26280cbe44a9e1b2505c6826e) Importer(815301076,1909f56bfc062723c751e8b465ee728b)  -> (artifact id: '18925575d20060a1da6ba0e54dee93b6') in 0.008432 seconds
  Import took 0.028714 seconds .

========================================================================
Received Import Request.
  Time since last request: 3.770980 seconds.
  path: Assets/Prefabs/Block 1.prefab
  artifactKey: Guid(0bccad9bc8291b747897e78cdb3b4d1a) Importer(815301076,1909f56bfc062723c751e8b465ee728b)
Start importing Assets/Prefabs/Block 1.prefab using Guid(0bccad9bc8291b747897e78cdb3b4d1a) Importer(815301076,1909f56bfc062723c751e8b465ee728b)  -> (artifact id: 'cd8380d3bee2b3d1a928c30c19fc5e48') in 0.009320 seconds
  Import took 0.015187 seconds .

========================================================================
Received Import Request.
  Time since last request: 0.021927 seconds.
  path: Assets/Prefabs/Block 1.prefab
  artifactKey: Guid(0bccad9bc8291b747897e78cdb3b4d1a) Importer(815301076,1909f56bfc062723c751e8b465ee728b)
Start importing Assets/Prefabs/Block 1.prefab using Guid(0bccad9bc8291b747897e78cdb3b4d1a) Importer(815301076,1909f56bfc062723c751e8b465ee728b)  -> (artifact id: 'cd8380d3bee2b3d1a928c30c19fc5e48') in 0.015762 seconds
  Import took 0.022794 seconds .

========================================================================
Received Import Request.
  Time since last request: 4.832537 seconds.
  path: Assets/Prefabs/Block 1.prefab
  artifactKey: Guid(0bccad9bc8291b747897e78cdb3b4d1a) Importer(815301076,1909f56bfc062723c751e8b465ee728b)
Start importing Assets/Prefabs/Block 1.prefab using Guid(0bccad9bc8291b747897e78cdb3b4d1a) Importer(815301076,1909f56bfc062723c751e8b465ee728b)  -> (artifact id: '59ad898d561b6b2cec984d6801438f17') in 0.009866 seconds
  Import took 0.013509 seconds .

========================================================================
Received Import Request.
  Time since last request: 0.005441 seconds.
  path: Assets/Prefabs/Block 1.prefab
  artifactKey: Guid(0bccad9bc8291b747897e78cdb3b4d1a) Importer(815301076,1909f56bfc062723c751e8b465ee728b)
Start importing Assets/Prefabs/Block 1.prefab using Guid(0bccad9bc8291b747897e78cdb3b4d1a) Importer(815301076,1909f56bfc062723c751e8b465ee728b)  -> (artifact id: '59ad898d561b6b2cec984d6801438f17') in 0.013703 seconds
  Import took 0.017643 seconds .

========================================================================
Received Import Request.
  Time since last request: 2.081525 seconds.
  path: Assets/Prefabs/Block 1.prefab
  artifactKey: Guid(0bccad9bc8291b747897e78cdb3b4d1a) Importer(815301076,1909f56bfc062723c751e8b465ee728b)
Start importing Assets/Prefabs/Block 1.prefab using Guid(0bccad9bc8291b747897e78cdb3b4d1a) Importer(815301076,1909f56bfc062723c751e8b465ee728b)  -> (artifact id: '694a351c004f7cdbbaa69e2ec85e3e57') in 0.012117 seconds
  Import took 0.016650 seconds .

========================================================================
Received Import Request.
  Time since last request: 0.014123 seconds.
  path: Assets/Prefabs/Block 1.prefab
  artifactKey: Guid(0bccad9bc8291b747897e78cdb3b4d1a) Importer(815301076,1909f56bfc062723c751e8b465ee728b)
Start importing Assets/Prefabs/Block 1.prefab using Guid(0bccad9bc8291b747897e78cdb3b4d1a) Importer(815301076,1909f56bfc062723c751e8b465ee728b)  -> (artifact id: '694a351c004f7cdbbaa69e2ec85e3e57') in 0.013576 seconds
  Import took 0.017531 seconds .

========================================================================
Received Import Request.
  Time since last request: 1.692267 seconds.
  path: Assets/Prefabs/Block.prefab
  artifactKey: Guid(eba994a26280cbe44a9e1b2505c6826e) Importer(815301076,1909f56bfc062723c751e8b465ee728b)
Start importing Assets/Prefabs/Block.prefab using Guid(eba994a26280cbe44a9e1b2505c6826e) Importer(815301076,1909f56bfc062723c751e8b465ee728b)  -> (artifact id: '75b94c1457fd2ef025d8e0a6b310b67b') in 0.009821 seconds
  Import took 0.013610 seconds .

========================================================================
Received Import Request.
  Time since last request: 0.027708 seconds.
  path: Assets/Prefabs/Block.prefab
  artifactKey: Guid(eba994a26280cbe44a9e1b2505c6826e) Importer(815301076,1909f56bfc062723c751e8b465ee728b)
Start importing Assets/Prefabs/Block.prefab using Guid(eba994a26280cbe44a9e1b2505c6826e) Importer(815301076,1909f56bfc062723c751e8b465ee728b)  -> (artifact id: '75b94c1457fd2ef025d8e0a6b310b67b') in 0.009948 seconds
  Import took 0.013938 seconds .

========================================================================
Received Import Request.
  Time since last request: 3.666048 seconds.
  path: Assets/Scenes/Level1.unity
  artifactKey: Guid(7ad1a3de6548d9743a206ec5febe1f7d) Importer(815301076,1909f56bfc062723c751e8b465ee728b)
Start importing Assets/Scenes/Level1.unity using Guid(7ad1a3de6548d9743a206ec5febe1f7d) Importer(815301076,1909f56bfc062723c751e8b465ee728b)  -> (artifact id: 'c0634590ca07f05105072c83510a9860') in 0.004755 seconds
  Import took 0.008980 seconds .

========================================================================
Received Prepare
Registering precompiled user dll's ...
Registered in 0.001604 seconds.
Begin MonoManager ReloadAssembly
Native extension for WindowsStandalone target not found
Refreshing native plugins compatible for Editor in 0.39 ms, found 1 plugins.
Preloading 0 native plugins for Editor in 0.00 ms.
Invoked RoslynAnalysisRunner static constructor.
RoslynAnalysisRunner will not be running.
RoslynAnalysisRunner has terminated.
Mono: successfully reloaded assembly
- Completed reload, in  0.939 seconds
Platform modules already initialized, skipping
Refreshing native plugins compatible for Editor in 0.50 ms, found 1 plugins.
Preloading 0 native plugins for Editor in 0.00 ms.
Unloading 1808 Unused Serialized files (Serialized files now loaded: 0)
System memory in use before: 101.0 MB.
System memory in use after: 101.0 MB.

Unloading 12 unused Assets to reduce memory usage. Loaded Objects now: 2292.
Total: 2.145400 ms (FindLiveObjects: 0.261500 ms CreateObjectMapping: 0.089200 ms MarkObjects: 1.666200 ms  DeleteObjects: 0.127400 ms)

========================================================================
Received Import Request.
  Time since last request: 155.486636 seconds.
  path: Assets/Scenes/Level1.unity
  artifactKey: Guid(7ad1a3de6548d9743a206ec5febe1f7d) Importer(815301076,1909f56bfc062723c751e8b465ee728b)
Start importing Assets/Scenes/Level1.unity using Guid(7ad1a3de6548d9743a206ec5febe1f7d) Importer(815301076,1909f56bfc062723c751e8b465ee728b)  -> (artifact id: 'f52f56521ac96c7d4a8f005120f8a06b') in 0.015108 seconds
  Import took 0.018340 seconds .

========================================================================
Received Import Request.
  Time since last request: 59.728740 seconds.
  path: Assets/Scenes/Level2.unity
  artifactKey: Guid(33b66ffb7b6721c4fa1497507e8f904c) Importer(815301076,1909f56bfc062723c751e8b465ee728b)
Start importing Assets/Scenes/Level2.unity using Guid(33b66ffb7b6721c4fa1497507e8f904c) Importer(815301076,1909f56bfc062723c751e8b465ee728b)  -> (artifact id: '96503847ed223c6265add40dd62d2857') in 0.005726 seconds
  Import took 0.023458 seconds .

========================================================================
Received Prepare
Registering precompiled user dll's ...
Registered in 0.000954 seconds.
Begin MonoManager ReloadAssembly
Native extension for WindowsStandalone target not found
Refreshing native plugins compatible for Editor in 0.34 ms, found 1 plugins.
Preloading 0 native plugins for Editor in 0.00 ms.
Invoked RoslynAnalysisRunner static constructor.
RoslynAnalysisRunner will not be running.
RoslynAnalysisRunner has terminated.
Mono: successfully reloaded assembly
- Completed reload, in  0.840 seconds
Platform modules already initialized, skipping
Refreshing native plugins compatible for Editor in 0.33 ms, found 1 plugins.
Preloading 0 native plugins for Editor in 0.00 ms.
Unloading 1808 Unused Serialized files (Serialized files now loaded: 0)
System memory in use before: 101.0 MB.
System memory in use after: 101.0 MB.

Unloading 12 unused Assets to reduce memory usage. Loaded Objects now: 2296.
Total: 2.252400 ms (FindLiveObjects: 0.250700 ms CreateObjectMapping: 0.091100 ms MarkObjects: 1.782600 ms  DeleteObjects: 0.126300 ms)

AssetImportWorkerClient::OnTransportError - code=2 error=End of file
